[19:50:56] [main/INFO] (FabricLoader/GameProvider) Loading Minecraft 1.19.2 with Fabric Loader 0.14.19
[19:50:57] [main/INFO] (FabricLoader) Loading 46 mods:
	- fabric-api 0.67.1+1.19.2
	- fabric-api-base 0.4.13+0d0f210290
	- fabric-api-lookup-api-v1 1.6.12+93d8cb8290
	- fabric-biome-api-v1 9.0.20+0d0f210290
	- fabric-block-api-v1 1.0.1+12bfe4ea90
	- fabric-blockrenderlayer-v1 1.1.22+c6af733c90
	- fabric-client-tags-api-v1 1.0.3+b35fea8390
	- fabric-command-api-v2 2.1.9+93d8cb8290
	- fabric-content-registries-v0 3.4.3+6064db2a90
	- fabric-convention-tags-v1 1.1.3+93d8cb8290
	- fabric-crash-report-info-v1 0.2.7+aeb40ebe90
	- fabric-data-generation-api-v1 5.3.1+ad31814d90
	- fabric-dimensions-v1 2.1.33+0d0f210290
	- fabric-entity-events-v1 1.5.2+9244241690
	- fabric-events-interaction-v0 0.4.30+c6af733c90
	- fabric-game-rule-api-v1 1.0.23+c6af733c90
	- fabric-gametest-api-v1 1.1.4+704e47e990
	- fabric-item-api-v1 1.6.1+fa140d5990
	- fabric-item-groups-v0 0.3.35+9244241690
	- fabric-key-binding-api-v1 1.0.23+aaaf9d3390
	- fabric-lifecycle-events-v1 2.2.2+9244241690
	- fabric-loot-api-v2 1.1.9+83a8659290
	- fabric-message-api-v1 5.0.5+93d8cb8290
	- fabric-mining-level-api-v1 2.1.20+33fbc73890
	- fabric-models-v0 0.3.19+c6af733c90
	- fabric-networking-api-v1 1.2.7+9244241690
	- fabric-object-builder-api-v1 4.1.2+06e0e25190
	- fabric-particles-v1 1.0.12+79adfe0a90
	- fabric-registry-sync-v0 0.9.28+9244241690
	- fabric-renderer-api-v1 1.0.14+12bfe4ea90
	- fabric-renderer-indigo 0.6.16+aeb40ebe90
	- fabric-rendering-data-attachment-v1 0.3.17+0d0f210290
	- fabric-rendering-fluids-v1 3.0.9+c6af733c90
	- fabric-rendering-v1 1.11.1+73145abb90
	- fabric-resource-conditions-api-v1 2.1.1+aae9039d90
	- fabric-resource-loader-v0 0.8.1+0d0f210290
	- fabric-screen-api-v1 1.0.29+0d0f210290
	- fabric-screen-handler-api-v1 1.3.3+1cc24b1b90
	- fabric-sound-api-v1 1.0.1+c4f28df590
	- fabric-textures-v0 1.0.22+aeb40ebe90
	- fabric-transfer-api-v1 2.1.3+9d081d6490
	- fabric-transitive-access-wideners-v1 1.3.2+42d99c3290
	- fabricloader 0.14.19
	- java 17
	- minecraft 1.19.2
	- player_souls 1.1.8
[19:50:57] [main/INFO] (FabricLoader/Mixin) SpongePowered MIXIN Subsystem Version=0.8.5 Source=file:/C:/Users/yeet/.mcreator/gradle/caches/modules-2/files-2.1/net.fabricmc/sponge-mixin/0.12.4+mixin.0.8.5/e13b4069fe3555969811d4474f78576c707bbe1c/sponge-mixin-0.12.4+mixin.0.8.5.jar Service=Knot/Fabric Env=CLIENT
[19:50:57] [main/INFO] (FabricLoader/Mixin) Loaded Fabric development mappings for mixin remapper!
[19:50:57] [main/INFO] (FabricLoader/Mixin) Compatibility level set to JAVA_16
[19:50:58] [main/INFO] (FabricLoader/Mixin) Compatibility level set to JAVA_17
[19:51:12] [main/INFO] (Minecraft) Building optimized datafixer
[19:51:22] [Render thread/INFO] (Minecraft) Environment: authHost='https://authserver.mojang.com', accountsHost='https://api.mojang.com', sessionHost='https://sessionserver.mojang.com', servicesHost='https://api.minecraftservices.com', name='PROD'
[19:51:23] [Render thread/ERROR] (fabric-screen-api-v1) Failed to verify authentication
com.mojang.authlib.exceptions.InvalidCredentialsException: Status: 401
	at com.mojang.authlib.exceptions.MinecraftClientHttpException.toAuthenticationException(MinecraftClientHttpException.java:56) ~[authlib-3.11.49.jar:?]
	at com.mojang.authlib.yggdrasil.YggdrasilUserApiService.fetchProperties(YggdrasilUserApiService.java:155) ~[authlib-3.11.49.jar:?]
	at com.mojang.authlib.yggdrasil.YggdrasilUserApiService.<init>(YggdrasilUserApiService.java:55) ~[authlib-3.11.49.jar:?]
	at com.mojang.authlib.yggdrasil.YggdrasilAuthenticationService.createUserApiService(YggdrasilAuthenticationService.java:161) ~[authlib-3.11.49.jar:?]
	at net.minecraft.client.Minecraft.createUserApiService(Minecraft.java:711) [minecraft-project-@-merged-named.jar:?]
	at net.minecraft.client.Minecraft.<init>(Minecraft.java:431) [minecraft-project-@-merged-named.jar:?]
	at net.minecraft.client.main.Main.run(Main.java:205) [minecraft-project-@-merged-named.jar:?]
	at net.minecraft.client.main.Main.main(Main.java:51) [minecraft-project-@-merged-named.jar:?]
	at net.fabricmc.loader.impl.game.minecraft.MinecraftGameProvider.launch(MinecraftGameProvider.java:462) [fabric-loader-0.14.19.jar:?]
	at net.fabricmc.loader.impl.launch.knot.Knot.launch(Knot.java:74) [fabric-loader-0.14.19.jar:?]
	at net.fabricmc.loader.impl.launch.knot.KnotClient.main(KnotClient.java:23) [fabric-loader-0.14.19.jar:?]
	at net.fabricmc.devlaunchinjector.Main.main(Main.java:86) [dev-launch-injector-0.2.1+build.8.jar:?]
Caused by: com.mojang.authlib.exceptions.MinecraftClientHttpException: Status: 401
	at com.mojang.authlib.minecraft.client.MinecraftClient.readInputStream(MinecraftClient.java:85) ~[authlib-3.11.49.jar:?]
	at com.mojang.authlib.minecraft.client.MinecraftClient.get(MinecraftClient.java:48) ~[authlib-3.11.49.jar:?]
	at com.mojang.authlib.yggdrasil.YggdrasilUserApiService.fetchProperties(YggdrasilUserApiService.java:129) ~[authlib-3.11.49.jar:?]
	... 10 more
[19:51:23] [Render thread/INFO] (fabric-screen-api-v1) Setting user: Player139
[19:51:23] [Render thread/INFO] (PlayerSoulsMod) Initializing PlayerSoulsMod
[19:51:24] [Render thread/INFO] (Indigo) [Indigo] Registering Indigo renderer!
[19:51:28] [Render thread/INFO] (fabric-screen-api-v1) Backend library: LWJGL version 3.3.1 SNAPSHOT
[19:51:33] [Worker-Main-4/ERROR] (Minecraft) Failed to retrieve profile key pair
java.io.IOException: Could not retrieve profile key pair
	at net.minecraft.client.multiplayer.ProfileKeyPairManager.fetchProfileKeyPair(ProfileKeyPairManager.java:130) ~[minecraft-project-@-merged-named.jar:?]
	at net.minecraft.client.multiplayer.ProfileKeyPairManager.method_44291(ProfileKeyPairManager.java:69) ~[minecraft-project-@-merged-named.jar:?]
	at java.util.concurrent.CompletableFuture$AsyncSupply.run(CompletableFuture.java:1768) [?:?]
	at java.util.concurrent.CompletableFuture$AsyncSupply.exec(CompletableFuture.java:1760) [?:?]
	at java.util.concurrent.ForkJoinTask.doExec(ForkJoinTask.java:373) [?:?]
	at java.util.concurrent.ForkJoinPool$WorkQueue.topLevelExec(ForkJoinPool.java:1182) [?:?]
	at java.util.concurrent.ForkJoinPool.scan(ForkJoinPool.java:1655) [?:?]
	at java.util.concurrent.ForkJoinPool.runWorker(ForkJoinPool.java:1622) [?:?]
	at java.util.concurrent.ForkJoinWorkerThread.run(ForkJoinWorkerThread.java:165) [?:?]
[19:51:33] [Render thread/INFO] (Minecraft) Reloading ResourceManager: Default, Fabric Mods (Fabric Loader, Fabric Loot API (v2), Fabric Rendering (v1), Fabric Client Tags, Fabric Events Interaction (v0), Fabric Object Builder API (v1), Fabric Game Rule API (v1), Fabric Screen API (v1), Fabric Content Registries (v0), Fabric Command API (v2), Fabric Sound API (v1), Fabric Renderer - Indigo, Fabric Textures (v0), Player Souls, Fabric Networking API (v1), Fabric API, Fabric Key Binding API (v1), Fabric Dimensions API (v1), Fabric Resource Conditions API (v1), Fabric Message API (v1), Fabric Convention Tags, Fabric API Base, Fabric Crash Report Info (v1), Fabric Lifecycle Events (v1), Fabric BlockRenderLayer Registration (v1), Fabric Entity Events (v1), Fabric Registry Sync (v0), Fabric Mining Level API (v1), Fabric Particles (v1), Fabric Biome API (v1), Fabric API Lookup API (v1), Fabric Item API (v1), Fabric Item Groups (v0), Fabric Transitive Access Wideners (v1), Fabric Rendering Data Attachment (v1), Fabric Rendering Fluids (v1), Fabric Renderer API (v1), Fabric Screen Handler API (v1), Fabric Models (v0), Fabric Game Test API (v1), Fabric Transfer API (v1), Fabric Resource Loader (v0), Fabric Data Generation API (v1))
[19:51:34] [Realms Notification Availability checker #1/INFO] (Minecraft) Could not authorize you against Realms server: java.lang.RuntimeException: Failed to parse into SignedJWT: FabricMC
[19:51:42] [Render thread/WARN] (Minecraft) Missing sound for event: minecraft:item.goat_horn.play
[19:51:42] [Render thread/WARN] (Minecraft) Missing sound for event: minecraft:entity.goat.screaming.horn_break
[19:51:42] [Render thread/INFO] (Minecraft) OpenAL initialized on device OpenAL Soft on Speakers (5- Logi USB Headset)
[19:51:42] [Render thread/INFO] (Minecraft) Sound engine started
[19:51:43] [Render thread/INFO] (Minecraft) Created: 1024x1024x2 minecraft:textures/atlas/blocks.png-atlas
[19:51:46] [Render thread/INFO] (Minecraft) Created: 256x128x2 minecraft:textures/atlas/signs.png-atlas
[19:51:46] [Render thread/INFO] (Minecraft) Created: 1024x512x2 minecraft:textures/atlas/banner_patterns.png-atlas
[19:51:46] [Render thread/INFO] (Minecraft) Created: 1024x512x2 minecraft:textures/atlas/shield_patterns.png-atlas
[19:51:46] [Render thread/INFO] (Minecraft) Created: 256x256x2 minecraft:textures/atlas/chest.png-atlas
[19:51:46] [Render thread/INFO] (Minecraft) Created: 512x256x2 minecraft:textures/atlas/beds.png-atlas
[19:51:46] [Render thread/INFO] (Minecraft) Created: 512x256x2 minecraft:textures/atlas/shulker_boxes.png-atlas
[19:51:54] [Render thread/WARN] (Minecraft) Shader rendertype_entity_translucent_emissive could not find sampler named Sampler2 in the specified shader program.
[19:51:56] [Render thread/INFO] (Minecraft) Created: 512x256x0 minecraft:textures/atlas/particles.png-atlas
[19:51:56] [Render thread/INFO] (Minecraft) Created: 256x256x0 minecraft:textures/atlas/paintings.png-atlas
[19:51:56] [Render thread/INFO] (Minecraft) Created: 256x128x0 minecraft:textures/atlas/mob_effects.png-atlas
[19:52:04] [Render thread/INFO] (FabricRegistrySync) [fabric-registry-sync] Loaded registry data [file 1/4]
[19:52:07] [Render thread/INFO] (Minecraft) Loaded 7 recipes
[19:52:09] [Render thread/INFO] (Minecraft) Loaded 1179 advancements
[19:52:12] [Worker-Main-6/ERROR] (Minecraft) Failed to retrieve profile key pair
java.io.IOException: Could not retrieve profile key pair
	at net.minecraft.client.multiplayer.ProfileKeyPairManager.fetchProfileKeyPair(ProfileKeyPairManager.java:130) ~[minecraft-project-@-merged-named.jar:?]
	at net.minecraft.client.multiplayer.ProfileKeyPairManager.method_44291(ProfileKeyPairManager.java:69) ~[minecraft-project-@-merged-named.jar:?]
	at java.util.concurrent.CompletableFuture$AsyncSupply.run(CompletableFuture.java:1768) [?:?]
	at java.util.concurrent.CompletableFuture$AsyncSupply.exec(CompletableFuture.java:1760) [?:?]
	at java.util.concurrent.ForkJoinTask.doExec(ForkJoinTask.java:373) [?:?]
	at java.util.concurrent.ForkJoinPool$WorkQueue.topLevelExec(ForkJoinPool.java:1182) [?:?]
	at java.util.concurrent.ForkJoinPool.scan(ForkJoinPool.java:1655) [?:?]
	at java.util.concurrent.ForkJoinPool.runWorker(ForkJoinPool.java:1622) [?:?]
	at java.util.concurrent.ForkJoinWorkerThread.run(ForkJoinWorkerThread.java:165) [?:?]
[19:52:12] [Render thread/INFO] (BiomeModificationImpl) Applied 0 biome modifications to 0 of 63 new biomes in 5.851 ms
[19:52:13] [Server thread/INFO] (Minecraft) Starting integrated minecraft server version 1.19.2
[19:52:13] [Server thread/INFO] (Minecraft) Generating keypair
[19:52:14] [Server thread/INFO] (Minecraft) Preparing start region for dimension minecraft:overworld
[19:52:22] [Render thread/INFO] (Minecraft) Preparing spawn area: 0%
[19:52:22] [Render thread/INFO] (Minecraft) Preparing spawn area: 0%
[19:52:22] [Render thread/INFO] (Minecraft) Preparing spawn area: 0%
[19:52:22] [Render thread/INFO] (Minecraft) Preparing spawn area: 0%
[19:52:22] [Render thread/INFO] (Minecraft) Preparing spawn area: 0%
[19:52:22] [Render thread/INFO] (Minecraft) Preparing spawn area: 0%
[19:52:22] [Render thread/INFO] (Minecraft) Preparing spawn area: 0%
[19:52:22] [Render thread/INFO] (Minecraft) Preparing spawn area: 0%
[19:52:22] [Render thread/INFO] (Minecraft) Preparing spawn area: 0%
[19:52:22] [Render thread/INFO] (Minecraft) Preparing spawn area: 0%
[19:52:22] [Render thread/INFO] (Minecraft) Preparing spawn area: 0%
[19:52:22] [Render thread/INFO] (Minecraft) Preparing spawn area: 0%
[19:52:22] [Render thread/INFO] (Minecraft) Preparing spawn area: 0%
[19:52:22] [Render thread/INFO] (Minecraft) Preparing spawn area: 0%
[19:52:22] [Render thread/INFO] (Minecraft) Preparing spawn area: 0%
[19:52:22] [Render thread/INFO] (Minecraft) Preparing spawn area: 0%
[19:52:22] [Render thread/INFO] (Minecraft) Preparing spawn area: 0%
[19:52:23] [Render thread/INFO] (Minecraft) Preparing spawn area: 0%
[19:52:24] [Render thread/INFO] (Minecraft) Preparing spawn area: 0%
[19:52:24] [Render thread/INFO] (Minecraft) Preparing spawn area: 0%
[19:52:25] [Render thread/INFO] (Minecraft) Preparing spawn area: 3%
[19:52:25] [Render thread/INFO] (Minecraft) Preparing spawn area: 3%
[19:52:26] [Render thread/INFO] (Minecraft) Preparing spawn area: 75%
[19:52:26] [Render thread/INFO] (Minecraft) Preparing spawn area: 75%
[19:52:32] [Render thread/INFO] (Minecraft) Time elapsed: 17226 ms
[19:52:32] [Server thread/INFO] (Minecraft) Changing view distance to 12, from 10
[19:52:32] [Server thread/INFO] (Minecraft) Changing simulation distance to 12, from 0
[19:52:41] [Server thread/INFO] (Minecraft) Player139[local:E:2a0e8546] logged in with entity id 62 at (-177.48955125965713, -60.0, 9.937704592736573)
[19:52:41] [Server thread/INFO] (Minecraft) Player139 joined the game
[19:52:43] [Server thread/WARN] (Minecraft) Can't keep up! Is the server overloaded? Running 2591ms or 51 ticks behind
[19:52:49] [Render thread/INFO] (Minecraft) Loaded 0 advancements
[19:52:58] [Server thread/INFO] (Minecraft) Saving and pausing game...
[19:52:58] [Server thread/INFO] (Minecraft) Saving chunks for level 'ServerLevel[New World]'/minecraft:overworld
[19:52:59] [Server thread/INFO] (Minecraft) Saving chunks for level 'ServerLevel[New World]'/minecraft:the_end
[19:52:59] [Server thread/INFO] (Minecraft) Saving chunks for level 'ServerLevel[New World]'/minecraft:the_nether
[19:54:50] [Render thread/INFO] (Minecraft) [System] [CHAT] §3Your soul has been extracted, be careful who you give this to.
[19:54:53] [Render thread/INFO] (Minecraft) [System] [CHAT] §cThis item has the KillBlocked tag, you are not allowed to kill the soul using this item.
[19:55:05] [Worker-Bootstrap-2/INFO] (Minecraft) 4283 Datafixer optimizations took 233050 milliseconds
[19:55:08] [Server thread/INFO] (Minecraft) Saving and pausing game...
[19:55:08] [Server thread/INFO] (Minecraft) Saving chunks for level 'ServerLevel[New World]'/minecraft:overworld
[19:55:08] [Server thread/INFO] (Minecraft) Saving chunks for level 'ServerLevel[New World]'/minecraft:the_end
[19:55:08] [Server thread/INFO] (Minecraft) Saving chunks for level 'ServerLevel[New World]'/minecraft:the_nether
[19:55:12] [Render thread/INFO] (Minecraft) [System] [CHAT] §cThis item has the KillBlocked tag, you are not allowed to kill the soul using this item.
[19:55:13] [Render thread/INFO] (Minecraft) [System] [CHAT] §cThis item has the KillBlocked tag, you are not allowed to kill the soul using this item.
[19:55:16] [Render thread/INFO] (Minecraft) [System] [CHAT] §cYour soul has already been extracted
[19:55:19] [Render thread/INFO] (Minecraft) [System] [CHAT] Your soul has been returned.
[19:55:22] [Render thread/INFO] (Minecraft) [System] [CHAT] §3Your soul has been extracted, be careful who you give this to.
[19:55:23] [Server thread/INFO] (Minecraft) Player139 fell out of the world
[19:55:23] [Render thread/INFO] (Minecraft) [System] [CHAT] Player139 fell out of the world
[19:55:23] [Render thread/INFO] (Minecraft) [System] [CHAT] Player139 Was Killed By Player139
[19:55:26] [Server thread/INFO] (Minecraft) Player139 fell out of the world
[19:55:26] [Render thread/INFO] (Minecraft) [System] [CHAT] Player139 fell out of the world
[19:55:26] [Render thread/INFO] (Minecraft) [System] [CHAT] Player139 Was Killed By Player139
[19:55:29] [Render thread/INFO] (Minecraft) [System] [CHAT] Your soul has been returned.
[19:55:29] [Server thread/INFO] (Minecraft) Saving and pausing game...
[19:55:29] [Server thread/INFO] (Minecraft) Saving chunks for level 'ServerLevel[New World]'/minecraft:overworld
[19:55:30] [Server thread/INFO] (Minecraft) Saving chunks for level 'ServerLevel[New World]'/minecraft:the_end
[19:55:30] [Server thread/INFO] (Minecraft) Saving chunks for level 'ServerLevel[New World]'/minecraft:the_nether
[19:55:30] [Server thread/INFO] (Minecraft) Player139 lost connection: Disconnected
[19:55:30] [Server thread/INFO] (Minecraft) Player139 left the game
[19:55:31] [Server thread/INFO] (Minecraft) Stopping singleplayer server as player logged out
[19:55:31] [Server thread/INFO] (Minecraft) Stopping server
[19:55:31] [Server thread/INFO] (Minecraft) Saving players
[19:55:31] [Server thread/INFO] (Minecraft) Saving worlds
[19:55:32] [Server thread/INFO] (Minecraft) Saving chunks for level 'ServerLevel[New World]'/minecraft:overworld
[19:55:32] [Server thread/INFO] (Minecraft) Saving chunks for level 'ServerLevel[New World]'/minecraft:the_end
[19:55:32] [Server thread/INFO] (Minecraft) Saving chunks for level 'ServerLevel[New World]'/minecraft:the_nether
[19:55:32] [Server thread/INFO] (Minecraft) ThreadedAnvilChunkStorage (New World (1)): All chunks are saved
[19:55:32] [Server thread/INFO] (Minecraft) ThreadedAnvilChunkStorage (DIM1): All chunks are saved
[19:55:32] [Server thread/INFO] (Minecraft) ThreadedAnvilChunkStorage (DIM-1): All chunks are saved
[19:55:32] [Server thread/INFO] (Minecraft) ThreadedAnvilChunkStorage: All dimensions are saved
[19:55:33] [Render thread/INFO] (fabric-screen-api-v1) Stopping!
